  Lab1.cpp
E:\PSU_lab\6_semester\RV\someone\Lab1\Lab1\Lab1.cpp(32,18): warning C4566: character represented by universal-character-name '\u0412' cannot be represented in the current code page (1252)
E:\PSU_lab\6_semester\RV\someone\Lab1\Lab1\Lab1.cpp(32,18): warning C4566: character represented by universal-character-name '\u0440' cannot be represented in the current code page (1252)
E:\PSU_lab\6_semester\RV\someone\Lab1\Lab1\Lab1.cpp(32,18): warning C4566: character represented by universal-character-name '\u0435' cannot be represented in the current code page (1252)
E:\PSU_lab\6_semester\RV\someone\Lab1\Lab1\Lab1.cpp(32,18): warning C4566: character represented by universal-character-name '\u043C' cannot be represented in the current code page (1252)
E:\PSU_lab\6_semester\RV\someone\Lab1\Lab1\Lab1.cpp(32,18): warning C4566: character represented by universal-character-name '\u044F' cannot be represented in the current code page (1252)
E:\PSU_lab\6_semester\RV\someone\Lab1\Lab1\Lab1.cpp(32,18): warning C4566: character represented by universal-character-name '\u0432' cannot be represented in the current code page (1252)
E:\PSU_lab\6_semester\RV\someone\Lab1\Lab1\Lab1.cpp(32,18): warning C4566: character represented by universal-character-name '\u044B' cannot be represented in the current code page (1252)
E:\PSU_lab\6_semester\RV\someone\Lab1\Lab1\Lab1.cpp(32,18): warning C4566: character represented by universal-character-name '\u043F' cannot be represented in the current code page (1252)
E:\PSU_lab\6_semester\RV\someone\Lab1\Lab1\Lab1.cpp(32,18): warning C4566: character represented by universal-character-name '\u043E' cannot be represented in the current code page (1252)
E:\PSU_lab\6_semester\RV\someone\Lab1\Lab1\Lab1.cpp(32,18): warning C4566: character represented by universal-character-name '\u043B' cannot be represented in the current code page (1252)
E:\PSU_lab\6_semester\RV\someone\Lab1\Lab1\Lab1.cpp(32,18): warning C4566: character represented by universal-character-name '\u043D' cannot be represented in the current code page (1252)
E:\PSU_lab\6_semester\RV\someone\Lab1\Lab1\Lab1.cpp(32,18): warning C4566: character represented by universal-character-name '\u0438' cannot be represented in the current code page (1252)
E:\PSU_lab\6_semester\RV\someone\Lab1\Lab1\Lab1.cpp(32,18): warning C4566: character represented by universal-character-name '\u0430' cannot be represented in the current code page (1252)
E:\PSU_lab\6_semester\RV\someone\Lab1\Lab1\Lab1.cpp(32,18): warning C4566: character represented by universal-character-name '\u0433' cannot be represented in the current code page (1252)
E:\PSU_lab\6_semester\RV\someone\Lab1\Lab1\Lab1.cpp(32,18): warning C4566: character represented by universal-character-name '\u0442' cannot be represented in the current code page (1252)
E:\PSU_lab\6_semester\RV\someone\Lab1\Lab1\Lab1.cpp(32,18): warning C4566: character represented by universal-character-name '\u0441' cannot be represented in the current code page (1252)
E:\PSU_lab\6_semester\RV\someone\Lab1\Lab1\Lab1.cpp(32,18): warning C4566: character represented by universal-character-name '\u0434' cannot be represented in the current code page (1252)
E:\PSU_lab\6_semester\RV\someone\Lab1\Lab1\Lab1.cpp(32,18): warning C4566: character represented by universal-character-name '\u0445' cannot be represented in the current code page (1252)
E:\PSU_lab\6_semester\RV\someone\Lab1\Lab1\Lab1.cpp(32,177): warning C4566: character represented by universal-character-name '\u0441' cannot be represented in the current code page (1252)
E:\PSU_lab\6_semester\RV\someone\Lab1\Lab1\Lab1.cpp(32,177): warning C4566: character represented by universal-character-name '\u0435' cannot be represented in the current code page (1252)
E:\PSU_lab\6_semester\RV\someone\Lab1\Lab1\Lab1.cpp(32,177): warning C4566: character represented by universal-character-name '\u043A' cannot be represented in the current code page (1252)
E:\PSU_lab\6_semester\RV\someone\Lab1\Lab1\Lab1.cpp(32,177): warning C4566: character represented by universal-character-name '\u0443' cannot be represented in the current code page (1252)
E:\PSU_lab\6_semester\RV\someone\Lab1\Lab1\Lab1.cpp(32,177): warning C4566: character represented by universal-character-name '\u043D' cannot be represented in the current code page (1252)
E:\PSU_lab\6_semester\RV\someone\Lab1\Lab1\Lab1.cpp(32,177): warning C4566: character represented by universal-character-name '\u0434' cannot be represented in the current code page (1252)
E:\PSU_lab\6_semester\RV\someone\Lab1\Lab1\Lab1.cpp(41,22): warning C4566: character represented by universal-character-name '\u041E' cannot be represented in the current code page (1252)
E:\PSU_lab\6_semester\RV\someone\Lab1\Lab1\Lab1.cpp(41,22): warning C4566: character represented by universal-character-name '\u0448' cannot be represented in the current code page (1252)
E:\PSU_lab\6_semester\RV\someone\Lab1\Lab1\Lab1.cpp(41,22): warning C4566: character represented by universal-character-name '\u0438' cannot be represented in the current code page (1252)
E:\PSU_lab\6_semester\RV\someone\Lab1\Lab1\Lab1.cpp(41,22): warning C4566: character represented by universal-character-name '\u0431' cannot be represented in the current code page (1252)
E:\PSU_lab\6_semester\RV\someone\Lab1\Lab1\Lab1.cpp(41,22): warning C4566: character represented by universal-character-name '\u043A' cannot be represented in the current code page (1252)
E:\PSU_lab\6_semester\RV\someone\Lab1\Lab1\Lab1.cpp(41,22): warning C4566: character represented by universal-character-name '\u0430' cannot be represented in the current code page (1252)
E:\PSU_lab\6_semester\RV\someone\Lab1\Lab1\Lab1.cpp(41,22): warning C4566: character represented by universal-character-name '\u043D' cannot be represented in the current code page (1252)
E:\PSU_lab\6_semester\RV\someone\Lab1\Lab1\Lab1.cpp(41,22): warning C4566: character represented by universal-character-name '\u0435' cannot be represented in the current code page (1252)
E:\PSU_lab\6_semester\RV\someone\Lab1\Lab1\Lab1.cpp(41,22): warning C4566: character represented by universal-character-name '\u0443' cannot be represented in the current code page (1252)
E:\PSU_lab\6_semester\RV\someone\Lab1\Lab1\Lab1.cpp(41,22): warning C4566: character represented by universal-character-name '\u0434' cannot be represented in the current code page (1252)
E:\PSU_lab\6_semester\RV\someone\Lab1\Lab1\Lab1.cpp(41,22): warning C4566: character represented by universal-character-name '\u043B' cannot be represented in the current code page (1252)
E:\PSU_lab\6_semester\RV\someone\Lab1\Lab1\Lab1.cpp(41,22): warning C4566: character represented by universal-character-name '\u043E' cannot be represented in the current code page (1252)
E:\PSU_lab\6_semester\RV\someone\Lab1\Lab1\Lab1.cpp(41,22): warning C4566: character represented by universal-character-name '\u0441' cannot be represented in the current code page (1252)
E:\PSU_lab\6_semester\RV\someone\Lab1\Lab1\Lab1.cpp(41,22): warning C4566: character represented by universal-character-name '\u044C' cannot be represented in the current code page (1252)
E:\PSU_lab\6_semester\RV\someone\Lab1\Lab1\Lab1.cpp(41,22): warning C4566: character represented by universal-character-name '\u0442' cannot be represented in the current code page (1252)
E:\PSU_lab\6_semester\RV\someone\Lab1\Lab1\Lab1.cpp(41,22): warning C4566: character represented by universal-character-name '\u0440' cannot be represented in the current code page (1252)
E:\PSU_lab\6_semester\RV\someone\Lab1\Lab1\Lab1.cpp(41,22): warning C4566: character represented by universal-character-name '\u044B' cannot be represented in the current code page (1252)
E:\PSU_lab\6_semester\RV\someone\Lab1\Lab1\Lab1.cpp(41,22): warning C4566: character represented by universal-character-name '\u0444' cannot be represented in the current code page (1252)
E:\PSU_lab\6_semester\RV\someone\Lab1\Lab1\Lab1.cpp(41,22): warning C4566: character represented by universal-character-name '\u0439' cannot be represented in the current code page (1252)
  Lab1.vcxproj -> E:\PSU_lab\6_semester\RV\someone\Lab1\x64\Debug\Lab1.exe
